  Controller.cpp
C:\Users\k\Desktop\c++ workspace\객체지향_final project\객체지향_final project\consola.h(1,1): warning C4819: The file contains a character that cannot be represented in the current code page (949). Save the file in Unicode format to prevent data loss
  (compiling source file 'Controller.cpp')
  
C:\Users\k\Desktop\c++ workspace\객체지향_final project\객체지향_final project\Parent Room.h(21,7): error C2143: syntax error: missing ';' before '*'
  (compiling source file 'Controller.cpp')
  
C:\Users\k\Desktop\c++ workspace\객체지향_final project\객체지향_final project\Parent Room.h(21,2): error C4430: missing type specifier - int assumed. Note: C++ does not support default-int
  (compiling source file 'Controller.cpp')
  
C:\Users\k\Desktop\c++ workspace\객체지향_final project\객체지향_final project\Parent Room.h(21,14): error C2238: unexpected token(s) preceding ';'
  (compiling source file 'Controller.cpp')
  
C:\Users\k\Desktop\c++ workspace\객체지향_final project\객체지향_final project\Parent Room.h(26,13): error C2061: syntax error: identifier 'Model'
  (compiling source file 'Controller.cpp')
  
C:\Users\k\Desktop\c++ workspace\객체지향_final project\객체지향_final project\Parent Room.h(27,9): error C2039: 'model': is not a member of 'ParentRoom'
  (compiling source file 'Controller.cpp')
      C:\Users\k\Desktop\c++ workspace\객체지향_final project\객체지향_final project\Parent Room.h(19,7):
      see declaration of 'ParentRoom'
  
C:\Users\k\Desktop\c++ workspace\객체지향_final project\객체지향_final project\Parent Room.h(27,17): error C2065: 'model': undeclared identifier
  (compiling source file 'Controller.cpp')
  
C:\Users\k\Desktop\c++ workspace\객체지향_final project\객체지향_final project\Box.h(48,3): error C2653: 'View': is not a class or namespace name
  (compiling source file 'Controller.cpp')
  
C:\Users\k\Desktop\c++ workspace\객체지향_final project\객체지향_final project\Box.h(48,9): error C3861: 'fillBox': identifier not found
  (compiling source file 'Controller.cpp')
  
  main.cpp
C:\Users\k\Desktop\c++ workspace\객체지향_final project\객체지향_final project\consola.h(1,1): warning C4819: The file contains a character that cannot be represented in the current code page (949). Save the file in Unicode format to prevent data loss
  (compiling source file 'main.cpp')
  
C:\Users\k\Desktop\c++ workspace\객체지향_final project\객체지향_final project\Parent Room.h(21,7): error C2143: syntax error: missing ';' before '*'
  (compiling source file 'main.cpp')
  
C:\Users\k\Desktop\c++ workspace\객체지향_final project\객체지향_final project\Parent Room.h(21,2): error C4430: missing type specifier - int assumed. Note: C++ does not support default-int
  (compiling source file 'main.cpp')
  
C:\Users\k\Desktop\c++ workspace\객체지향_final project\객체지향_final project\Parent Room.h(21,14): error C2238: unexpected token(s) preceding ';'
  (compiling source file 'main.cpp')
  
C:\Users\k\Desktop\c++ workspace\객체지향_final project\객체지향_final project\Parent Room.h(26,13): error C2061: syntax error: identifier 'Model'
  (compiling source file 'main.cpp')
  
C:\Users\k\Desktop\c++ workspace\객체지향_final project\객체지향_final project\Parent Room.h(27,9): error C2039: 'model': is not a member of 'ParentRoom'
  (compiling source file 'main.cpp')
      C:\Users\k\Desktop\c++ workspace\객체지향_final project\객체지향_final project\Parent Room.h(19,7):
      see declaration of 'ParentRoom'
  
C:\Users\k\Desktop\c++ workspace\객체지향_final project\객체지향_final project\Parent Room.h(27,17): error C2065: 'model': undeclared identifier
  (compiling source file 'main.cpp')
  
C:\Users\k\Desktop\c++ workspace\객체지향_final project\객체지향_final project\Box.h(48,3): error C2653: 'View': is not a class or namespace name
  (compiling source file 'main.cpp')
  
C:\Users\k\Desktop\c++ workspace\객체지향_final project\객체지향_final project\Box.h(48,9): error C3861: 'fillBox': identifier not found
  (compiling source file 'main.cpp')
  
  Parent Room.cpp
C:\Users\k\Desktop\c++ workspace\객체지향_final project\객체지향_final project\consola.h(1,1): warning C4819: The file contains a character that cannot be represented in the current code page (949). Save the file in Unicode format to prevent data loss
  (compiling source file 'Parent%20Room.cpp')
  
C:\Users\k\Desktop\c++ workspace\객체지향_final project\객체지향_final project\Box.h(48,3): error C2653: 'View': is not a class or namespace name
  (compiling source file 'Parent%20Room.cpp')
  
C:\Users\k\Desktop\c++ workspace\객체지향_final project\객체지향_final project\Box.h(48,9): error C3861: 'fillBox': identifier not found
  (compiling source file 'Parent%20Room.cpp')
  
C:\Users\k\Desktop\c++ workspace\객체지향_final project\객체지향_final project\View.h(13,9): error C2065: 'ParentRoom': undeclared identifier
  (compiling source file 'Parent%20Room.cpp')
  
C:\Users\k\Desktop\c++ workspace\객체지향_final project\객체지향_final project\View.h(13,20): error C2059: syntax error: '>'
  (compiling source file 'Parent%20Room.cpp')
  
  View.cpp
C:\Users\k\Desktop\c++ workspace\객체지향_final project\객체지향_final project\consola.h(1,1): warning C4819: The file contains a character that cannot be represented in the current code page (949). Save the file in Unicode format to prevent data loss
  (compiling source file 'View.cpp')
  
C:\Users\k\Desktop\c++ workspace\객체지향_final project\객체지향_final project\Parent Room.h(21,7): error C2143: syntax error: missing ';' before '*'
  (compiling source file 'View.cpp')
  
C:\Users\k\Desktop\c++ workspace\객체지향_final project\객체지향_final project\Parent Room.h(21,2): error C4430: missing type specifier - int assumed. Note: C++ does not support default-int
  (compiling source file 'View.cpp')
  
C:\Users\k\Desktop\c++ workspace\객체지향_final project\객체지향_final project\Parent Room.h(21,14): error C2238: unexpected token(s) preceding ';'
  (compiling source file 'View.cpp')
  
C:\Users\k\Desktop\c++ workspace\객체지향_final project\객체지향_final project\Parent Room.h(26,13): error C2061: syntax error: identifier 'Model'
  (compiling source file 'View.cpp')
  
C:\Users\k\Desktop\c++ workspace\객체지향_final project\객체지향_final project\Parent Room.h(27,9): error C2039: 'model': is not a member of 'ParentRoom'
  (compiling source file 'View.cpp')
      C:\Users\k\Desktop\c++ workspace\객체지향_final project\객체지향_final project\Parent Room.h(19,7):
      see declaration of 'ParentRoom'
  
C:\Users\k\Desktop\c++ workspace\객체지향_final project\객체지향_final project\Parent Room.h(27,17): error C2065: 'model': undeclared identifier
  (compiling source file 'View.cpp')
  
C:\Users\k\Desktop\c++ workspace\객체지향_final project\객체지향_final project\Box.h(48,3): error C2653: 'View': is not a class or namespace name
  (compiling source file 'View.cpp')
  
C:\Users\k\Desktop\c++ workspace\객체지향_final project\객체지향_final project\Box.h(48,9): error C3861: 'fillBox': identifier not found
  (compiling source file 'View.cpp')
  
  Generating Code...
